[INFO ] 2021-09-20 16:10:31.270 [main] ExtentManager - File name in CSV is config.properties
[INFO ] 2021-09-20 16:10:31.337 [main] ExtentManager - TC001_CreateSingleUser = [Fail]<br>
[INFO ] 2021-09-20 16:10:59.282 [main] ExtentManager - File name in CSV is config.properties
[INFO ] 2021-09-20 16:10:59.344 [main] ExtentManager - TC001_GetUserData = [Fail]<br>
[INFO ] 2021-09-20 16:12:11.658 [main] ExtentManager - File name in CSV is config.properties
[INFO ] 2021-09-20 16:12:11.712 [main] ExtentManager - TC001_CreateSingleUser = [Fail]<br>
[INFO ] 2021-09-20 16:13:00.237 [main] ExtentManager - File name in CSV is config.properties
[INFO ] 2021-09-20 16:13:00.287 [main] ExtentManager - TC001_CreateSingleUser = [Fail]<br>
[INFO ] 2021-09-20 16:15:45.502 [main] ExtentManager - File name in CSV is config.properties
[INFO ] 2021-09-20 16:15:45.561 [main] ExtentManager - TC001_CreateSingleUser = [Fail]<br>
[INFO ] 2021-09-20 16:17:01.468 [main] ExtentManager - File name in CSV is config.properties
[INFO ] 2021-09-20 16:17:01.745 [main] ExtentManager - ******************** Start :- Execution Started ********************
[INFO ] 2021-09-20 16:17:04.603 [main] ExtentManager - ************TC001_CreateSingleUser************
[INFO ] 2021-09-20 16:17:04.604 [main] ExtentManager - curl 'https://reqres.in/api/users' -H 'Accept: */*' -H 'Content-Type: application/json; charset=UTF-8' -H 'Host: reqres.in' -H 'Connection: Keep-Alive' -H 'User-Agent: Apache-HttpClient/4.5.6 (Java/15.0.1)' --data-binary '{
  "name" : "WRLLM",
  "job" : "Test Manager"
}' --compressed --insecure --verbose
[INFO ] 2021-09-20 16:17:04.604 [main] ExtentManager - Response is {"name":"WRLLM","job":"Test Manager","id":"130","createdAt":"2021-09-20T10:47:04.119Z"}
[INFO ] 2021-09-20 16:17:04.604 [main] ExtentManager - Response Status Code = 201
[INFO ] 2021-09-20 16:17:04.604 [main] ExtentManager - Response time consumed is = 1246
[INFO ] 2021-09-20 16:17:04.604 [main] ExtentManager - Response Headers are Date=Mon, 20 Sep 2021 10:47:04 GMT
Content-Type=application/json; charset=utf-8
Content-Length=87
Connection=keep-alive
x-powered-by=Express
access-control-allow-origin=*
etag=W/"57-8S6YrKidEhH9epCyQhpXFoen6sE"
via=1.1 vegur
CF-Cache-Status=DYNAMIC
Expect-CT=max-age=604800, report-uri="https://report-uri.cloudflare.com/cdn-cgi/beacon/expect-ct"
Report-To={"endpoints":[{"url":"https:\/\/a.nel.cloudflare.com\/report\/v3?s=nuy%2FZCad8jh05Ax057HpU1w8tuTCeJD27ZgeMqi5oBhlmNGyw%2FUHY3bA8t6Em4BinC%2BvaereGkQMW55WbLYvVYcTiOt4VAJH7Evvta01N5tU4lW%2FW4d7OCFdl8s%3D"}],"group":"cf-nel","max_age":604800}
NEL={"success_fraction":0,"report_to":"cf-nel","max_age":604800}
Server=cloudflare
CF-RAY=691a79394b250ee8-BOM
alt-svc=h3=":443"; ma=86400, h3-29=":443"; ma=86400, h3-28=":443"; ma=86400, h3-27=":443"; ma=86400
[INFO ] 2021-09-20 16:17:04.604 [main] ExtentManager - Http Status Code Validation<br><b>Actual : </b>201<br><b>Expected : </b>201
[INFO ] 2021-09-20 16:17:04.604 [main] ExtentManager - <br><b>Actual : </b>WRLLM<br><b>Expected : </b>WRLLM
[INFO ] 2021-09-20 16:17:04.604 [main] ExtentManager - <br><b>Actual : </b>Test Manager<br><b>Expected : </b>Test Manager
[INFO ] 2021-09-20 16:17:04.604 [main] ExtentManager - TC001_CreateSingleUser = [Pass]<br>
